<?xml version="1.0" encoding="UTF-8"?>
<testng-results ignored="0" total="2" passed="2" failed="0" skipped="0">
  <reporter-output>
  </reporter-output>
  <suite started-at="2019-10-23T13:22:45Z" name="Default suite" finished-at="2019-10-23T13:22:58Z" duration-ms="12498">
    <groups>
    </groups>
    <test started-at="2019-10-23T13:22:45Z" name="Default test" finished-at="2019-10-23T13:22:58Z" duration-ms="12498">
      <class name="CSSPractice.Section3_Ex1_2">
        <test-method is-config="true" signature="beforeClass()[pri:0, instance:CSSPractice.Section3_Ex1_2@b62d79]" started-at="2019-10-23T13:22:45Z" name="beforeClass" finished-at="2019-10-23T13:22:49Z" duration-ms="3904" status="PASS">
          <reporter-output>
          </reporter-output>
        </test-method> <!-- beforeClass -->
        <test-method signature="test3_3()[pri:0, instance:CSSPractice.Section3_Ex1_2@b62d79]" started-at="2019-10-23T13:22:49Z" name="test3_3" finished-at="2019-10-23T13:22:55Z" duration-ms="5564" status="PASS">
          <reporter-output>
          </reporter-output>
        </test-method> <!-- test3_3 -->
        <test-method signature="testcase_3_2()[pri:0, instance:CSSPractice.Section3_Ex1_2@b62d79]" started-at="2019-10-23T13:22:55Z" name="testcase_3_2" finished-at="2019-10-23T13:22:58Z" duration-ms="3015" status="PASS">
          <reporter-output>
          </reporter-output>
        </test-method> <!-- testcase_3_2 -->
        <test-method is-config="true" signature="afterClass()[pri:0, instance:CSSPractice.Section3_Ex1_2@b62d79]" started-at="2019-10-23T13:22:58Z" name="afterClass" finished-at="2019-10-23T13:22:58Z" duration-ms="0" status="PASS">
          <reporter-output>
          </reporter-output>
        </test-method> <!-- afterClass -->
      </class> <!-- CSSPractice.Section3_Ex1_2 -->
    </test> <!-- Default test -->
  </suite> <!-- Default suite -->
</testng-results>
